#
# A fatal error has been detected by the Java Runtime Environment:
#
#  EXCEPTION_ACCESS_VIOLATION (0xc0000005) at pc=0x00007ffccaa41be3, pid=15512, tid=16880
#
# JRE version: Java(TM) SE Runtime Environment (13.0.1+9) (build 13.0.1+9)
# Java VM: Java HotSpot(TM) 64-Bit Server VM (13.0.1+9, mixed mode, sharing, tiered, compressed oops, g1 gc, windows-amd64)
# Problematic frame:
# V  [jvm.dll+0x751be3]
#
# No core dump will be written. Minidumps are not enabled by default on client versions of Windows
#
# If you would like to submit a bug report, please visit:
#   http://bugreport.java.com/bugreport/crash.jsp
#

---------------  S U M M A R Y ------------

Command Line: -agentlib:jdwp=transport=dt_socket,address=127.0.0.1:55172,suspend=y,server=n --add-exports=java.base/jdk.internal.misc=ALL-UNNAMED --add-opens=java.base/jdk.internal.misc=ALL-UNNAMED -javaagent:C:\Users\yaphets\.IntelliJIdea2019.3\system\captureAgent\debugger-agent.jar -Dfile.encoding=UTF-8 com.yz.atomic.AtomicTestKt

Host: Intel(R) Core(TM) i7-8750H CPU @ 2.20GHz, 12 cores, 15G,  Windows 10 , 64 bit Build 18362 (10.0.18362.1082)
Time: Sat Sep 26 20:57:09 2020 ?D1¨²¡À¨º¡Á?¨º¡À?? elapsed time: 0 seconds (0d 0h 0m 0s)

---------------  T H R E A D  ---------------

Current thread (0x000001aa422c5000):  JavaThread "main" [_thread_in_vm, id=16880, stack(0x0000003920900000,0x0000003920a00000)]

Stack: [0x0000003920900000,0x0000003920a00000],  sp=0x00000039209fedf0,  free space=1019k
Native frames: (J=compiled Java code, j=interpreted, Vv=VM code, C=native code)
V  [jvm.dll+0x751be3]
C  0x000001aa4bf96116

Java frames: (J=compiled Java code, j=interpreted, Vv=VM code)
j  jdk.internal.misc.Unsafe.getInt(Ljava/lang/Object;J)I+0 java.base@13.0.1
j  jdk.internal.misc.Unsafe.getInt(J)I+3 java.base@13.0.1
j  sun.misc.Unsafe.getInt(J)I+4 jdk.unsupported@13.0.1
j  com.yz.atomic.MyAtomicInt.get()I+6
j  com.yz.atomic.AtomicTestKt.main()V+25
j  com.yz.atomic.AtomicTestKt.main([Ljava/lang/String;)V+0
v  ~StubRoutines::call_stub

siginfo: EXCEPTION_ACCESS_VIOLATION (0xc0000005), reading address 0x000000000000000c


Register to memory mapping:

RIP=0x00007ffccaa41be3 jvm.dll
RAX=0x0 is NULL
RBX=0x000001aa422c5000 is a thread
RCX=0x000001aa422c5000 is a thread
RDX=0x00000039209feee0 is pointing into the stack for thread: 0x000001aa422c5000
RSP=0x00000039209fedf0 is pointing into the stack for thread: 0x000001aa422c5000
RBP=0x000001aa422c5000 is a thread
RSI=0x0 is NULL
RDI=0x000001aa4bf8cd00 is at code_begin+7328 in an Interpreter codelet
invoke return entry points  [0x000001aa4bf8b060, 0x000001aa4bf8d0e0]  8320 bytes
R8 =0x0 is NULL
R9 =0x000000000000000c is an unknown value
R10=0x000001aa4bf960e7 is at code_begin+1959 in an Interpreter codelet
method entry point (kind = native)  [0x000001aa4bf95940, 0x000001aa4bf96ce0]  5024 bytes
R11=0x0000000000000101 is an unknown value
R12=0x0 is NULL
R13=0x0000000800a46cd8 is pointing into metadata
R14=0x000000000000000c is an unknown value
R15=0x000001aa422c5000 is a thread


Registers:
RAX=0x0000000000000000, RBX=0x000001aa422c5000, RCX=0x000001aa422c5000, RDX=0x00000039209feee0
RSP=0x00000039209fedf0, RBP=0x000001aa422c5000, RSI=0x0000000000000000, RDI=0x000001aa4bf8cd00
R8 =0x0000000000000000, R9 =0x000000000000000c, R10=0x000001aa4bf960e7, R11=0x0000000000000101
R12=0x0000000000000000, R13=0x0000000800a46cd8, R14=0x000000000000000c, R15=0x000001aa422c5000
RIP=0x00007ffccaa41be3, EFLAGS=0x0000000000010246

Top of Stack: (sp=0x00000039209fedf0)
0x00000039209fedf0:   000001aa684efc21 0000000000000000
0x00000039209fee00:   000001aa422c5000 0000000000000005
0x00000039209fee10:   00000039209feee0 000001aa4bf96116
0x00000039209fee20:   000000080036ab70 00000039209feea8
0x00000039209fee30:   0000000000000005 000001aa4bf8cdb8
0x00000039209fee40:   0000000711b46b98 000001aa422c5000
0x00000039209fee50:   00000039209fefa0 00000039209fefc0
0x00000039209fee60:   00000039209fee60 0000000000000000
0x00000039209fee70:   00000039209feee0 00000008003680c8
0x00000039209fee80:   0000000000000000 0000000711b05020
0x00000039209fee90:   000000080036ab70 0000000000000000
0x00000039209feea0:   00000039209feec8 00000039209fef30
0x00000039209feeb0:   000001aa4bf8bc94 0000000000000000
0x00000039209feec0:   000001aa4bf91016 000000000000000c
0x00000039209feed0:   0000000000000000 0000000000000000
0x00000039209feee0:   0000000711b0a088 00000039209feee8 

Instructions: (pc=0x00007ffccaa41be3)
0x00007ffccaa41ae3:   7c 24 48 c7 83 88 03 00 00 04 00 00 00 48 8b 5c
0x00007ffccaa41af3:   24 30 48 83 c4 20 41 5e c3 cc cc cc cc 48 89 5c
0x00007ffccaa41b03:   24 08 48 89 6c 24 10 48 89 74 24 18 48 89 7c 24
0x00007ffccaa41b13:   20 41 56 48 83 ec 20 8b 81 90 00 00 00 48 8d a9
0x00007ffccaa41b23:   f0 fc ff ff 05 55 21 ff ff 4d 8b f1 49 8b f0 83
0x00007ffccaa41b33:   f8 01 76 0d 48 8b cd 40 b7 01 e8 fe ff fd ff eb
0x00007ffccaa41b43:   03 40 32 ff 33 db 40 84 ff 48 0f 44 dd c7 83 88
0x00007ffccaa41b53:   03 00 00 05 00 00 00 e8 b1 6e ec ff 83 3d 9a a9
0x00007ffccaa41b63:   34 00 01 75 1b 48 8b 03 48 8b cb ff 50 38 84 c0
0x00007ffccaa41b73:   74 0e 48 8b 83 08 01 00 00 c0 e8 03 24 01 eb 0b
0x00007ffccaa41b83:   8b 05 c7 a4 34 00 85 c0 0f 95 c0 84 c0 75 0d 8b
0x00007ffccaa41b93:   83 d8 00 00 00 a9 04 00 00 20 74 08 48 8b cb e8
0x00007ffccaa41ba3:   09 06 fe ff c7 83 88 03 00 00 06 00 00 00 48 85
0x00007ffccaa41bb3:   f6 74 26 40 f6 c6 01 74 0c 48 8d 4e ff ff 15 ca
0x00007ffccaa41bc3:   8b 2a 00 eb 09 48 8b ce ff 15 b7 8b 2a 00 48 85
0x00007ffccaa41bd3:   c0 74 06 42 8b 34 30 eb 11 c6 83 ac 03 00 00 01
0x00007ffccaa41be3:   41 8b 36 c6 83 ac 03 00 00 00 48 8b bb f0 00 00
0x00007ffccaa41bf3:   00 48 8b 4f 10 48 83 39 00 74 0c 48 8b cf e8 ea
0x00007ffccaa41c03:   42 bf ff 48 8b 4f 10 48 8b 47 08 48 89 48 10 48
0x00007ffccaa41c13:   8b 4f 08 48 8b 47 18 48 89 41 18 48 8b 4f 08 48
0x00007ffccaa41c23:   8b 47 20 48 89 41 20 c7 83 88 03 00 00 07 00 00
0x00007ffccaa41c33:   00 e8 d7 6d ec ff 83 3d c0 a8 34 00 01 75 0f 48
0x00007ffccaa41c43:   8b 8b 08 01 00 00 c0 e9 03 f6 c1 01 74 08 48 8b
0x00007ffccaa41c53:   cb e8 e7 ce f3 ff 48 8b 6c 24 38 8b c6 48 8b 74
0x00007ffccaa41c63:   24 40 48 8b 7c 24 48 c7 83 88 03 00 00 04 00 00
0x00007ffccaa41c73:   00 48 8b 5c 24 30 48 83 c4 20 41 5e c3 48 89 5c
0x00007ffccaa41c83:   24 08 48 89 6c 24 10 48 89 74 24 18 48 89 7c 24
0x00007ffccaa41c93:   20 41 56 48 83 ec 20 8b 81 90 00 00 00 48 8d a9
0x00007ffccaa41ca3:   f0 fc ff ff 05 55 21 ff ff 4d 8b f1 49 8b f0 83
0x00007ffccaa41cb3:   f8 01 76 0d 48 8b cd 40 b7 01 e8 7e fe fd ff eb
0x00007ffccaa41cc3:   03 40 32 ff 33 db 40 84 ff 48 0f 44 dd c7 83 88
0x00007ffccaa41cd3:   03 00 00 05 00 00 00 e8 31 6d ec ff 83 3d 1a a8 


Stack slot to memory mapping:
stack at sp + 0 slots: 0x000001aa684efc21 is pointing into metadata
stack at sp + 1 slots: 0x0 is NULL
stack at sp + 2 slots: 0x000001aa422c5000 is a thread
stack at sp + 3 slots: 0x0000000000000005 is an unknown value
stack at sp + 4 slots: 0x00000039209feee0 is pointing into the stack for thread: 0x000001aa422c5000
stack at sp + 5 slots: 0x000001aa4bf96116 is at code_begin+2006 in an Interpreter codelet
method entry point (kind = native)  [0x000001aa4bf95940, 0x000001aa4bf96ce0]  5024 bytes
stack at sp + 6 slots: {method} {0x000000080036ab78} 'getInt' '(Ljava/lang/Object;J)I' in 'jdk/internal/misc/Unsafe'
stack at sp + 7 slots: 0x00000039209feea8 is pointing into the stack for thread: 0x000001aa422c5000


---------------  P R O C E S S  ---------------

Threads class SMR info:
_java_thread_list=0x000001aa68cb1ce0, length=13, elements={
0x000001aa422c5000, 0x000001aa680bf000, 0x000001aa680c4800, 0x000001aa68966800,
0x000001aa68967800, 0x000001aa68969000, 0x000001aa6896f000, 0x000001aa68971000,
0x000001aa68951000, 0x000001aa68c3f000, 0x000001aa68b75000, 0x000001aa68b77000,
0x000001aa68cb2800
}

Java Threads: ( => current thread )
=>0x000001aa422c5000 JavaThread "main" [_thread_in_vm, id=16880, stack(0x0000003920900000,0x0000003920a00000)]
  0x000001aa680bf000 JavaThread "Reference Handler" daemon [_thread_blocked, id=15540, stack(0x0000003921000000,0x0000003921100000)]
  0x000001aa680c4800 JavaThread "Finalizer" daemon [_thread_blocked, id=1292, stack(0x0000003921100000,0x0000003921200000)]
  0x000001aa68966800 JavaThread "Signal Dispatcher" daemon [_thread_blocked, id=14220, stack(0x0000003921200000,0x0000003921300000)]
  0x000001aa68967800 JavaThread "Attach Listener" daemon [_thread_blocked, id=15280, stack(0x0000003921300000,0x0000003921400000)]
  0x000001aa68969000 JavaThread "C2 CompilerThread0" daemon [_thread_blocked, id=2756, stack(0x0000003921400000,0x0000003921500000)]
  0x000001aa6896f000 JavaThread "C1 CompilerThread0" daemon [_thread_blocked, id=15560, stack(0x0000003921500000,0x0000003921600000)]
  0x000001aa68971000 JavaThread "Sweeper thread" daemon [_thread_blocked, id=16172, stack(0x0000003921600000,0x0000003921700000)]
  0x000001aa68951000 JavaThread "Common-Cleaner" daemon [_thread_blocked, id=3476, stack(0x0000003921700000,0x0000003921800000)]
  0x000001aa68c3f000 JavaThread "JDWP Transport Listener: dt_socket" daemon [_thread_blocked, id=3652, stack(0x0000003921900000,0x0000003921a00000)]
  0x000001aa68b75000 JavaThread "JDWP Event Helper Thread" daemon [_thread_blocked, id=12732, stack(0x0000003921a00000,0x0000003921b00000)]
  0x000001aa68b77000 JavaThread "JDWP Command Reader" daemon [_thread_in_native, id=2412, stack(0x0000003921b00000,0x0000003921c00000)]
  0x000001aa68cb2800 JavaThread "Service Thread" daemon [_thread_blocked, id=19396, stack(0x0000003921800000,0x0000003921900000)]

Other Threads:
  0x000001aa680bd000 VMThread "VM Thread" [stack: 0x0000003920f00000,0x0000003921000000] [id=1704]
  0x000001aa68cb5800 WatcherThread [stack: 0x0000003921c00000,0x0000003921d00000] [id=4968]
  0x000001aa4232e000 GCTaskThread "GC Thread#0" [stack: 0x0000003920a00000,0x0000003920b00000] [id=17964]
  0x000001aa4234f000 ConcurrentGCThread "G1 Main Marker" [stack: 0x0000003920b00000,0x0000003920c00000] [id=13372]
  0x000001aa42352800 ConcurrentGCThread "G1 Conc#0" [stack: 0x0000003920c00000,0x0000003920d00000] [id=13576]
  0x000001aa67fb8800 ConcurrentGCThread "G1 Refine#0" [stack: 0x0000003920d00000,0x0000003920e00000] [id=16876]
  0x000001aa67fba800 ConcurrentGCThread "G1 Young RemSet Sampling" [stack: 0x0000003920e00000,0x0000003920f00000] [id=12948]

Threads with active compile tasks:

VM state:not at safepoint (normal execution)

VM Mutex/Monitor currently owned by a thread: None

Heap address: 0x0000000701c00000, size: 4068 MB, Compressed Oops mode: Zero based, Oop shift amount: 3
Narrow klass base: 0x0000000800000000, Narrow klass shift: 3
Compressed class space size: 1073741824 Address: 0x0000000800b40000

Heap:
 garbage-first heap   total 262144K, used 2048K [0x0000000701c00000, 0x0000000800000000)
  region size 1024K, 3 young (3072K), 0 survivors (0K)
 Metaspace       used 813K, capacity 4703K, committed 4864K, reserved 1056768K
  class space    used 75K, capacity 442K, committed 512K, reserved 1048576K
Heap Regions: E=young(eden), S=young(survivor), O=old, HS=humongous(starts), HC=humongous(continues), CS=collection set, F=free, A=archive, TAMS=top-at-mark-start (previous, next)
|   0|0x0000000701c00000, 0x0000000701c00000, 0x0000000701d00000|  0%| F|  |TAMS 0x0000000701c00000, 0x0000000701c00000| Untracked 
|   1|0x0000000701d00000, 0x0000000701d00000, 0x0000000701e00000|  0%| F|  |TAMS 0x0000000701d00000, 0x0000000701d00000| Untracked 
|   2|0x0000000701e00000, 0x0000000701e00000, 0x0000000701f00000|  0%| F|  |TAMS 0x0000000701e00000, 0x0000000701e00000| Untracked 
|   3|0x0000000701f00000, 0x0000000701f00000, 0x0000000702000000|  0%| F|  |TAMS 0x0000000701f00000, 0x0000000701f00000| Untracked 
|   4|0x0000000702000000, 0x0000000702000000, 0x0000000702100000|  0%| F|  |TAMS 0x0000000702000000, 0x0000000702000000| Untracked 
|   5|0x0000000702100000, 0x0000000702100000, 0x0000000702200000|  0%| F|  |TAMS 0x0000000702100000, 0x0000000702100000| Untracked 
|   6|0x0000000702200000, 0x0000000702200000, 0x0000000702300000|  0%| F|  |TAMS 0x0000000702200000, 0x0000000702200000| Untracked 
|   7|0x0000000702300000, 0x0000000702300000, 0x0000000702400000|  0%| F|  |TAMS 0x0000000702300000, 0x0000000702300000| Untracked 
|   8|0x0000000702400000, 0x0000000702400000, 0x0000000702500000|  0%| F|  |TAMS 0x0000000702400000, 0x0000000702400000| Untracked 
|   9|0x0000000702500000, 0x0000000702500000, 0x0000000702600000|  0%| F|  |TAMS 0x0000000702500000, 0x0000000702500000| Untracked 
|  10|0x0000000702600000, 0x0000000702600000, 0x0000000702700000|  0%| F|  |TAMS 0x0000000702600000, 0x0000000702600000| Untracked 
|  11|0x0000000702700000, 0x0000000702700000, 0x0000000702800000|  0%| F|  |TAMS 0x0000000702700000, 0x0000000702700000| Untracked 
|  12|0x0000000702800000, 0x0000000702800000, 0x0000000702900000|  0%| F|  |TAMS 0x0000000702800000, 0x0000000702800000| Untracked 
|  13|0x0000000702900000, 0x0000000702900000, 0x0000000702a00000|  0%| F|  |TAMS 0x0000000702900000, 0x0000000702900000| Untracked 
|  14|0x0000000702a00000, 0x0000000702a00000, 0x0000000702b00000|  0%| F|  |TAMS 0x0000000702a00000, 0x0000000702a00000| Untracked 
|  15|0x0000000702b00000, 0x0000000702b00000, 0x0000000702c00000|  0%| F|  |TAMS 0x0000000702b00000, 0x0000000702b00000| Untracked 
|  16|0x0000000702c00000, 0x0000000702c00000, 0x0000000702d00000|  0%| F|  |TAMS 0x0000000702c00000, 0x0000000702c00000| Untracked 
|  17|0x0000000702d00000, 0x0000000702d00000, 0x0000000702e00000|  0%| F|  |TAMS 0x0000000702d00000, 0x0000000702d00000| Untracked 
|  18|0x0000000702e00000, 0x0000000702e00000, 0x0000000702f00000|  0%| F|  |TAMS 0x0000000702e00000, 0x0000000702e00000| Untracked 
|  19|0x0000000702f00000, 0x0000000702f00000, 0x0000000703000000|  0%| F|  |TAMS 0x0000000702f00000, 0x0000000702f00000| Untracked 
|  20|0x0000000703000000, 0x0000000703000000, 0x0000000703100000|  0%| F|  |TAMS 0x0000000703000000, 0x0000000703000000| Untracked 
|  21|0x0000000703100000, 0x0000000703100000, 0x0000000703200000|  0%| F|  |TAMS 0x0000000703100000, 0x0000000703100000| Untracked 
|  22|0x0000000703200000, 0x0000000703200000, 0x0000000703300000|  0%| F|  |TAMS 0x0000000703200000, 0x0000000703200000| Untracked 
|  23|0x0000000703300000, 0x0000000703300000, 0x0000000703400000|  0%| F|  |TAMS 0x0000000703300000, 0x0000000703300000| Untracked 
|  24|0x0000000703400000, 0x0000000703400000, 0x0000000703500000|  0%| F|  |TAMS 0x0000000703400000, 0x0000000703400000| Untracked 
|  25|0x0000000703500000, 0x0000000703500000, 0x0000000703600000|  0%| F|  |TAMS 0x0000000703500000, 0x0000000703500000| Untracked 
|  26|0x0000000703600000, 0x0000000703600000, 0x0000000703700000|  0%| F|  |TAMS 0x0000000703600000, 0x0000000703600000| Untracked 
|  27|0x0000000703700000, 0x0000000703700000, 0x0000000703800000|  0%| F|  |TAMS 0x0000000703700000, 0x0000000703700000| Untracked 
|  28|0x0000000703800000, 0x0000000703800000, 0x0000000703900000|  0%| F|  |TAMS 0x0000000703800000, 0x0000000703800000| Untracked 
|  29|0x0000000703900000, 0x0000000703900000, 0x0000000703a00000|  0%| F|  |TAMS 0x0000000703900000, 0x0000000703900000| Untracked 
|  30|0x0000000703a00000, 0x0000000703a00000, 0x0000000703b00000|  0%| F|  |TAMS 0x0000000703a00000, 0x0000000703a00000| Untracked 
|  31|0x0000000703b00000, 0x0000000703b00000, 0x0000000703c00000|  0%| F|  |TAMS 0x0000000703b00000, 0x0000000703b00000| Untracked 
|  32|0x0000000703c00000, 0x0000000703c00000, 0x0000000703d00000|  0%| F|  |TAMS 0x0000000703c00000, 0x0000000703c00000| Untracked 
|  33|0x0000000703d00000, 0x0000000703d00000, 0x0000000703e00000|  0%| F|  |TAMS 0x0000000703d00000, 0x0000000703d00000| Untracked 
|  34|0x0000000703e00000, 0x0000000703e00000, 0x0000000703f00000|  0%| F|  |TAMS 0x0000000703e00000, 0x0000000703e00000| Untracked 
|  35|0x0000000703f00000, 0x0000000703f00000, 0x0000000704000000|  0%| F|  |TAMS 0x0000000703f00000, 0x0000000703f00000| Untracked 
|  36|0x0000000704000000, 0x0000000704000000, 0x0000000704100000|  0%| F|  |TAMS 0x0000000704000000, 0x0000000704000000| Untracked 
|  37|0x0000000704100000, 0x0000000704100000, 0x0000000704200000|  0%| F|  |TAMS 0x0000000704100000, 0x0000000704100000| Untracked 
|  38|0x0000000704200000, 0x0000000704200000, 0x0000000704300000|  0%| F|  |TAMS 0x0000000704200000, 0x0000000704200000| Untracked 
|  39|0x0000000704300000, 0x0000000704300000, 0x0000000704400000|  0%| F|  |TAMS 0x0000000704300000, 0x0000000704300000| Untracked 
|  40|0x0000000704400000, 0x0000000704400000, 0x0000000704500000|  0%| F|  |TAMS 0x0000000704400000, 0x0000000704400000| Untracked 
|  41|0x0000000704500000, 0x0000000704500000, 0x0000000704600000|  0%| F|  |TAMS 0x0000000704500000, 0x0000000704500000| Untracked 
|  42|0x0000000704600000, 0x0000000704600000, 0x0000000704700000|  0%| F|  |TAMS 0x0000000704600000, 0x0000000704600000| Untracked 
|  43|0x0000000704700000, 0x0000000704700000, 0x0000000704800000|  0%| F|  |TAMS 0x0000000704700000, 0x0000000704700000| Untracked 
|  44|0x0000000704800000, 0x0000000704800000, 0x0000000704900000|  0%| F|  |TAMS 0x0000000704800000, 0x0000000704800000| Untracked 
|  45|0x0000000704900000, 0x0000000704900000, 0x0000000704a00000|  0%| F|  |TAMS 0x0000000704900000, 0x0000000704900000| Untracked 
|  46|0x0000000704a00000, 0x0000000704a00000, 0x0000000704b00000|  0%| F|  |TAMS 0x0000000704a00000, 0x0000000704a00000| Untracked 
|  47|0x0000000704b00000, 0x0000000704b00000, 0x0000000704c00000|  0%| F|  |TAMS 0x0000000704b00000, 0x0000000704b00000| Untracked 
|  48|0x0000000704c00000, 0x0000000704c00000, 0x0000000704d00000|  0%| F|  |TAMS 0x0000000704c00000, 0x0000000704c00000| Untracked 
|  49|0x0000000704d00000, 0x0000000704d00000, 0x0000000704e00000|  0%| F|  |TAMS 0x0000000704d00000, 0x0000000704d00000| Untracked 
|  50|0x0000000704e00000, 0x0000000704e00000, 0x0000000704f00000|  0%| F|  |TAMS 0x0000000704e00000, 0x0000000704e00000| Untracked 
|  51|0x0000000704f00000, 0x0000000704f00000, 0x0000000705000000|  0%| F|  |TAMS 0x0000000704f00000, 0x0000000704f00000| Untracked 
|  52|0x0000000705000000, 0x0000000705000000, 0x0000000705100000|  0%| F|  |TAMS 0x0000000705000000, 0x0000000705000000| Untracked 
|  53|0x0000000705100000, 0x0000000705100000, 0x0000000705200000|  0%| F|  |TAMS 0x0000000705100000, 0x0000000705100000| Untracked 
|  54|0x0000000705200000, 0x0000000705200000, 0x0000000705300000|  0%| F|  |TAMS 0x0000000705200000, 0x0000000705200000| Untracked 
|  55|0x0000000705300000, 0x0000000705300000, 0x0000000705400000|  0%| F|  |TAMS 0x0000000705300000, 0x0000000705300000| Untracked 
|  56|0x0000000705400000, 0x0000000705400000, 0x0000000705500000|  0%| F|  |TAMS 0x0000000705400000, 0x0000000705400000| Untracked 
|  57|0x0000000705500000, 0x0000000705500000, 0x0000000705600000|  0%| F|  |TAMS 0x0000000705500000, 0x0000000705500000| Untracked 
|  58|0x0000000705600000, 0x0000000705600000, 0x0000000705700000|  0%| F|  |TAMS 0x0000000705600000, 0x0000000705600000| Untracked 
|  59|0x0000000705700000, 0x0000000705700000, 0x0000000705800000|  0%| F|  |TAMS 0x0000000705700000, 0x0000000705700000| Untracked 
|  60|0x0000000705800000, 0x0000000705800000, 0x0000000705900000|  0%| F|  |TAMS 0x0000000705800000, 0x0000000705800000| Untracked 
|  61|0x0000000705900000, 0x0000000705900000, 0x0000000705a00000|  0%| F|  |TAMS 0x0000000705900000, 0x0000000705900000| Untracked 
|  62|0x0000000705a00000, 0x0000000705a00000, 0x0000000705b00000|  0%| F|  |TAMS 0x0000000705a00000, 0x0000000705a00000| Untracked 
|  63|0x0000000705b00000, 0x0000000705b00000, 0x0000000705c00000|  0%| F|  |TAMS 0x0000000705b00000, 0x0000000705b00000| Untracked 
|  64|0x0000000705c00000, 0x0000000705c00000, 0x0000000705d00000|  0%| F|  |TAMS 0x0000000705c00000, 0x0000000705c00000| Untracked 
|  65|0x0000000705d00000, 0x0000000705d00000, 0x0000000705e00000|  0%| F|  |TAMS 0x0000000705d00000, 0x0000000705d00000| Untracked 
|  66|0x0000000705e00000, 0x0000000705e00000, 0x0000000705f00000|  0%| F|  |TAMS 0x0000000705e00000, 0x0000000705e00000| Untracked 
|  67|0x0000000705f00000, 0x0000000705f00000, 0x0000000706000000|  0%| F|  |TAMS 0x0000000705f00000, 0x0000000705f00000| Untracked 
|  68|0x0000000706000000, 0x0000000706000000, 0x0000000706100000|  0%| F|  |TAMS 0x0000000706000000, 0x0000000706000000| Untracked 
|  69|0x0000000706100000, 0x0000000706100000, 0x0000000706200000|  0%| F|  |TAMS 0x0000000706100000, 0x0000000706100000| Untracked 
|  70|0x0000000706200000, 0x0000000706200000, 0x0000000706300000|  0%| F|  |TAMS 0x0000000706200000, 0x0000000706200000| Untracked 
|  71|0x0000000706300000, 0x0000000706300000, 0x0000000706400000|  0%| F|  |TAMS 0x0000000706300000, 0x0000000706300000| Untracked 
|  72|0x0000000706400000, 0x0000000706400000, 0x0000000706500000|  0%| F|  |TAMS 0x0000000706400000, 0x0000000706400000| Untracked 
|  73|0x0000000706500000, 0x0000000706500000, 0x0000000706600000|  0%| F|  |TAMS 0x0000000706500000, 0x0000000706500000| Untracked 
|  74|0x0000000706600000, 0x0000000706600000, 0x0000000706700000|  0%| F|  |TAMS 0x0000000706600000, 0x0000000706600000| Untracked 
|  75|0x0000000706700000, 0x0000000706700000, 0x0000000706800000|  0%| F|  |TAMS 0x0000000706700000, 0x0000000706700000| Untracked 
|  76|0x0000000706800000, 0x0000000706800000, 0x0000000706900000|  0%| F|  |TAMS 0x0000000706800000, 0x0000000706800000| Untracked 
|  77|0x0000000706900000, 0x0000000706900000, 0x0000000706a00000|  0%| F|  |TAMS 0x0000000706900000, 0x0000000706900000| Untracked 
|  78|0x0000000706a00000, 0x0000000706a00000, 0x0000000706b00000|  0%| F|  |TAMS 0x0000000706a00000, 0x0000000706a00000| Untracked 
|  79|0x0000000706b00000, 0x0000000706b00000, 0x0000000706c00000|  0%| F|  |TAMS 0x0000000706b00000, 0x0000000706b00000| Untracked 
|  80|0x0000000706c00000, 0x0000000706c00000, 0x0000000706d00000|  0%| F|  |TAMS 0x0000000706c00000, 0x0000000706c00000| Untracked 
|  81|0x0000000706d00000, 0x0000000706d00000, 0x0000000706e00000|  0%| F|  |TAMS 0x0000000706d00000, 0x0000000706d00000| Untracked 
|  82|0x0000000706e00000, 0x0000000706e00000, 0x0000000706f00000|  0%| F|  |TAMS 0x0000000706e00000, 0x0000000706e00000| Untracked 
|  83|0x0000000706f00000, 0x0000000706f00000, 0x0000000707000000|  0%| F|  |TAMS 0x0000000706f00000, 0x0000000706f00000| Untracked 
|  84|0x0000000707000000, 0x0000000707000000, 0x0000000707100000|  0%| F|  |TAMS 0x0000000707000000, 0x0000000707000000| Untracked 
|  85|0x0000000707100000, 0x0000000707100000, 0x0000000707200000|  0%| F|  |TAMS 0x0000000707100000, 0x0000000707100000| Untracked 
|  86|0x0000000707200000, 0x0000000707200000, 0x0000000707300000|  0%| F|  |TAMS 0x0000000707200000, 0x0000000707200000| Untracked 
|  87|0x0000000707300000, 0x0000000707300000, 0x0000000707400000|  0%| F|  |TAMS 0x0000000707300000, 0x0000000707300000| Untracked 
|  88|0x0000000707400000, 0x0000000707400000, 0x0000000707500000|  0%| F|  |TAMS 0x0000000707400000, 0x0000000707400000| Untracked 
|  89|0x0000000707500000, 0x0000000707500000, 0x0000000707600000|  0%| F|  |TAMS 0x0000000707500000, 0x0000000707500000| Untracked 
|  90|0x0000000707600000, 0x0000000707600000, 0x0000000707700000|  0%| F|  |TAMS 0x0000000707600000, 0x0000000707600000| Untracked 
|  91|0x0000000707700000, 0x0000000707700000, 0x0000000707800000|  0%| F|  |TAMS 0x0000000707700000, 0x0000000707700000| Untracked 
|  92|0x0000000707800000, 0x0000000707800000, 0x0000000707900000|  0%| F|  |TAMS 0x0000000707800000, 0x0000000707800000| Untracked 
|  93|0x0000000707900000, 0x0000000707900000, 0x0000000707a00000|  0%| F|  |TAMS 0x0000000707900000, 0x0000000707900000| Untracked 
|  94|0x0000000707a00000, 0x0000000707a00000, 0x0000000707b00000|  0%| F|  |TAMS 0x0000000707a00000, 0x0000000707a00000| Untracked 
|  95|0x0000000707b00000, 0x0000000707b00000, 0x0000000707c00000|  0%| F|  |TAMS 0x0000000707b00000, 0x0000000707b00000| Untracked 
|  96|0x0000000707c00000, 0x0000000707c00000, 0x0000000707d00000|  0%| F|  |TAMS 0x0000000707c00000, 0x0000000707c00000| Untracked 
|  97|0x0000000707d00000, 0x0000000707d00000, 0x0000000707e00000|  0%| F|  |TAMS 0x0000000707d00000, 0x0000000707d00000| Untracked 
|  98|0x0000000707e00000, 0x0000000707e00000, 0x0000000707f00000|  0%| F|  |TAMS 0x0000000707e00000, 0x0000000707e00000| Untracked 
|  99|0x0000000707f00000, 0x0000000707f00000, 0x0000000708000000|  0%| F|  |TAMS 0x0000000707f00000, 0x0000000707f00000| Untracked 
| 100|0x0000000708000000, 0x0000000708000000, 0x0000000708100000|  0%| F|  |TAMS 0x0000000708000000, 0x0000000708000000| Untracked 
| 101|0x0000000708100000, 0x0000000708100000, 0x0000000708200000|  0%| F|  |TAMS 0x0000000708100000, 0x0000000708100000| Untracked 
| 102|0x0000000708200000, 0x0000000708200000, 0x0000000708300000|  0%| F|  |TAMS 0x0000000708200000, 0x0000000708200000| Untracked 
| 103|0x0000000708300000, 0x0000000708300000, 0x0000000708400000|  0%| F|  |TAMS 0x0000000708300000, 0x0000000708300000| Untracked 
| 104|0x0000000708400000, 0x0000000708400000, 0x0000000708500000|  0%| F|  |TAMS 0x0000000708400000, 0x0000000708400000| Untracked 
| 105|0x0000000708500000, 0x0000000708500000, 0x0000000708600000|  0%| F|  |TAMS 0x0000000708500000, 0x0000000708500000| Untracked 
| 106|0x0000000708600000, 0x0000000708600000, 0x0000000708700000|  0%| F|  |TAMS 0x0000000708600000, 0x0000000708600000| Untracked 
| 107|0x0000000708700000, 0x0000000708700000, 0x0000000708800000|  0%| F|  |TAMS 0x0000000708700000, 0x0000000708700000| Untracked 
| 108|0x0000000708800000, 0x0000000708800000, 0x0000000708900000|  0%| F|  |TAMS 0x0000000708800000, 0x0000000708800000| Untracked 
| 109|0x0000000708900000, 0x0000000708900000, 0x0000000708a00000|  0%| F|  |TAMS 0x0000000708900000, 0x0000000708900000| Untracked 
| 110|0x0000000708a00000, 0x0000000708a00000, 0x0000000708b00000|  0%| F|  |TAMS 0x0000000708a00000, 0x0000000708a00000| Untracked 
| 111|0x0000000708b00000, 0x0000000708b00000, 0x0000000708c00000|  0%| F|  |TAMS 0x0000000708b00000, 0x0000000708b00000| Untracked 
| 112|0x0000000708c00000, 0x0000000708c00000, 0x0000000708d00000|  0%| F|  |TAMS 0x0000000708c00000, 0x0000000708c00000| Untracked 
| 113|0x0000000708d00000, 0x0000000708d00000, 0x0000000708e00000|  0%| F|  |TAMS 0x0000000708d00000, 0x0000000708d00000| Untracked 
| 114|0x0000000708e00000, 0x0000000708e00000, 0x0000000708f00000|  0%| F|  |TAMS 0x0000000708e00000, 0x0000000708e00000| Untracked 
| 115|0x0000000708f00000, 0x0000000708f00000, 0x0000000709000000|  0%| F|  |TAMS 0x0000000708f00000, 0x0000000708f00000| Untracked 
| 116|0x0000000709000000, 0x0000000709000000, 0x0000000709100000|  0%| F|  |TAMS 0x0000000709000000, 0x0000000709000000| Untracked 
| 117|0x0000000709100000, 0x0000000709100000, 0x0000000709200000|  0%| F|  |TAMS 0x0000000709100000, 0x0000000709100000| Untracked 
| 118|0x0000000709200000, 0x0000000709200000, 0x0000000709300000|  0%| F|  |TAMS 0x0000000709200000, 0x0000000709200000| Untracked 
| 119|0x0000000709300000, 0x0000000709300000, 0x0000000709400000|  0%| F|  |TAMS 0x0000000709300000, 0x0000000709300000| Untracked 
| 120|0x0000000709400000, 0x0000000709400000, 0x0000000709500000|  0%| F|  |TAMS 0x0000000709400000, 0x0000000709400000| Untracked 
| 121|0x0000000709500000, 0x0000000709500000, 0x0000000709600000|  0%| F|  |TAMS 0x0000000709500000, 0x0000000709500000| Untracked 
| 122|0x0000000709600000, 0x0000000709600000, 0x0000000709700000|  0%| F|  |TAMS 0x0000000709600000, 0x0000000709600000| Untracked 
| 123|0x0000000709700000, 0x0000000709700000, 0x0000000709800000|  0%| F|  |TAMS 0x0000000709700000, 0x0000000709700000| Untracked 
| 124|0x0000000709800000, 0x0000000709800000, 0x0000000709900000|  0%| F|  |TAMS 0x0000000709800000, 0x0000000709800000| Untracked 
| 125|0x0000000709900000, 0x0000000709900000, 0x0000000709a00000|  0%| F|  |TAMS 0x0000000709900000, 0x0000000709900000| Untracked 
| 126|0x0000000709a00000, 0x0000000709a00000, 0x0000000709b00000|  0%| F|  |TAMS 0x0000000709a00000, 0x0000000709a00000| Untracked 
| 127|0x0000000709b00000, 0x0000000709b00000, 0x0000000709c00000|  0%| F|  |TAMS 0x0000000709b00000, 0x0000000709b00000| Untracked 
| 128|0x0000000709c00000, 0x0000000709c00000, 0x0000000709d00000|  0%| F|  |TAMS 0x0000000709c00000, 0x0000000709c00000| Untracked 
| 129|0x0000000709d00000, 0x0000000709d00000, 0x0000000709e00000|  0%| F|  |TAMS 0x0000000709d00000, 0x0000000709d00000| Untracked 
| 130|0x0000000709e00000, 0x0000000709e00000, 0x0000000709f00000|  0%| F|  |TAMS 0x0000000709e00000, 0x0000000709e00000| Untracked 
| 131|0x0000000709f00000, 0x0000000709f00000, 0x000000070a000000|  0%| F|  |TAMS 0x0000000709f00000, 0x0000000709f00000| Untracked 
| 132|0x000000070a000000, 0x000000070a000000, 0x000000070a100000|  0%| F|  |TAMS 0x000000070a000000, 0x000000070a000000| Untracked 
| 133|0x000000070a100000, 0x000000070a100000, 0x000000070a200000|  0%| F|  |TAMS 0x000000070a100000, 0x000000070a100000| Untracked 
| 134|0x000000070a200000, 0x000000070a200000, 0x000000070a300000|  0%| F|  |TAMS 0x000000070a200000, 0x000000070a200000| Untracked 
| 135|0x000000070a300000, 0x000000070a300000, 0x000000070a400000|  0%| F|  |TAMS 0x000000070a300000, 0x000000070a300000| Untracked 
| 136|0x000000070a400000, 0x000000070a400000, 0x000000070a500000|  0%| F|  |TAMS 0x000000070a400000, 0x000000070a400000| Untracked 
| 137|0x000000070a500000, 0x000000070a500000, 0x000000070a600000|  0%| F|  |TAMS 0x000000070a500000, 0x000000070a500000| Untracked 
| 138|0x000000070a600000, 0x000000070a600000, 0x000000070a700000|  0%| F|  |TAMS 0x000000070a600000, 0x000000070a600000| Untracked 
| 139|0x000000070a700000, 0x000000070a700000, 0x000000070a800000|  0%| F|  |TAMS 0x000000070a700000, 0x000000070a700000| Untracked 
| 140|0x000000070a800000, 0x000000070a800000, 0x000000070a900000|  0%| F|  |TAMS 0x000000070a800000, 0x000000070a800000| Untracked 
| 141|0x000000070a900000, 0x000000070a900000, 0x000000070aa00000|  0%| F|  |TAMS 0x000000070a900000, 0x000000070a900000| Untracked 
| 142|0x000000070aa00000, 0x000000070aa00000, 0x000000070ab00000|  0%| F|  |TAMS 0x000000070aa00000, 0x000000070aa00000| Untracked 
| 143|0x000000070ab00000, 0x000000070ab00000, 0x000000070ac00000|  0%| F|  |TAMS 0x000000070ab00000, 0x000000070ab00000| Untracked 
| 144|0x000000070ac00000, 0x000000070ac00000, 0x000000070ad00000|  0%| F|  |TAMS 0x000000070ac00000, 0x000000070ac00000| Untracked 
| 145|0x000000070ad00000, 0x000000070ad00000, 0x000000070ae00000|  0%| F|  |TAMS 0x000000070ad00000, 0x000000070ad00000| Untracked 
| 146|0x000000070ae00000, 0x000000070ae00000, 0x000000070af00000|  0%| F|  |TAMS 0x000000070ae00000, 0x000000070ae00000| Untracked 
| 147|0x000000070af00000, 0x000000070af00000, 0x000000070b000000|  0%| F|  |TAMS 0x000000070af00000, 0x000000070af00000| Untracked 
| 148|0x000000070b000000, 0x000000070b000000, 0x000000070b100000|  0%| F|  |TAMS 0x000000070b000000, 0x000000070b000000| Untracked 
| 149|0x000000070b100000, 0x000000070b100000, 0x000000070b200000|  0%| F|  |TAMS 0x000000070b100000, 0x000000070b100000| Untracked 
| 150|0x000000070b200000, 0x000000070b200000, 0x000000070b300000|  0%| F|  |TAMS 0x000000070b200000, 0x000000070b200000| Untracked 
| 151|0x000000070b300000, 0x000000070b300000, 0x000000070b400000|  0%| F|  |TAMS 0x000000070b300000, 0x000000070b300000| Untracked 
| 152|0x000000070b400000, 0x000000070b400000, 0x000000070b500000|  0%| F|  |TAMS 0x000000070b400000, 0x000000070b400000| Untracked 
| 153|0x000000070b500000, 0x000000070b500000, 0x000000070b600000|  0%| F|  |TAMS 0x000000070b500000, 0x000000070b500000| Untracked 
| 154|0x000000070b600000, 0x000000070b600000, 0x000000070b700000|  0%| F|  |TAMS 0x000000070b600000, 0x000000070b600000| Untracked 
| 155|0x000000070b700000, 0x000000070b700000, 0x000000070b800000|  0%| F|  |TAMS 0x000000070b700000, 0x000000070b700000| Untracked 
| 156|0x000000070b800000, 0x000000070b800000, 0x000000070b900000|  0%| F|  |TAMS 0x000000070b800000, 0x000000070b800000| Untracked 
| 157|0x000000070b900000, 0x000000070b900000, 0x000000070ba00000|  0%| F|  |TAMS 0x000000070b900000, 0x000000070b900000| Untracked 
| 158|0x000000070ba00000, 0x000000070ba00000, 0x000000070bb00000|  0%| F|  |TAMS 0x000000070ba00000, 0x000000070ba00000| Untracked 
| 159|0x000000070bb00000, 0x000000070bb00000, 0x000000070bc00000|  0%| F|  |TAMS 0x000000070bb00000, 0x000000070bb00000| Untracked 
| 160|0x000000070bc00000, 0x000000070bc00000, 0x000000070bd00000|  0%| F|  |TAMS 0x000000070bc00000, 0x000000070bc00000| Untracked 
| 161|0x000000070bd00000, 0x000000070bd00000, 0x000000070be00000|  0%| F|  |TAMS 0x000000070bd00000, 0x000000070bd00000| Untracked 
| 162|0x000000070be00000, 0x000000070be00000, 0x000000070bf00000|  0%| F|  |TAMS 0x000000070be00000, 0x000000070be00000| Untracked 
| 163|0x000000070bf00000, 0x000000070bf00000, 0x000000070c000000|  0%| F|  |TAMS 0x000000070bf00000, 0x000000070bf00000| Untracked 
| 164|0x000000070c000000, 0x000000070c000000, 0x000000070c100000|  0%| F|  |TAMS 0x000000070c000000, 0x000000070c000000| Untracked 
| 165|0x000000070c100000, 0x000000070c100000, 0x000000070c200000|  0%| F|  |TAMS 0x000000070c100000, 0x000000070c100000| Untracked 
| 166|0x000000070c200000, 0x000000070c200000, 0x000000070c300000|  0%| F|  |TAMS 0x000000070c200000, 0x000000070c200000| Untracked 
| 167|0x000000070c300000, 0x000000070c300000, 0x000000070c400000|  0%| F|  |TAMS 0x000000070c300000, 0x000000070c300000| Untracked 
| 168|0x000000070c400000, 0x000000070c400000, 0x000000070c500000|  0%| F|  |TAMS 0x000000070c400000, 0x000000070c400000| Untracked 
| 169|0x000000070c500000, 0x000000070c500000, 0x000000070c600000|  0%| F|  |TAMS 0x000000070c500000, 0x000000070c500000| Untracked 
| 170|0x000000070c600000, 0x000000070c600000, 0x000000070c700000|  0%| F|  |TAMS 0x000000070c600000, 0x000000070c600000| Untracked 
| 171|0x000000070c700000, 0x000000070c700000, 0x000000070c800000|  0%| F|  |TAMS 0x000000070c700000, 0x000000070c700000| Untracked 
| 172|0x000000070c800000, 0x000000070c800000, 0x000000070c900000|  0%| F|  |TAMS 0x000000070c800000, 0x000000070c800000| Untracked 
| 173|0x000000070c900000, 0x000000070c900000, 0x000000070ca00000|  0%| F|  |TAMS 0x000000070c900000, 0x000000070c900000| Untracked 
| 174|0x000000070ca00000, 0x000000070ca00000, 0x000000070cb00000|  0%| F|  |TAMS 0x000000070ca00000, 0x000000070ca00000| Untracked 
| 175|0x000000070cb00000, 0x000000070cb00000, 0x000000070cc00000|  0%| F|  |TAMS 0x000000070cb00000, 0x000000070cb00000| Untracked 
| 176|0x000000070cc00000, 0x000000070cc00000, 0x000000070cd00000|  0%| F|  |TAMS 0x000000070cc00000, 0x000000070cc00000| Untracked 
| 177|0x000000070cd00000, 0x000000070cd00000, 0x000000070ce00000|  0%| F|  |TAMS 0x000000070cd00000, 0x000000070cd00000| Untracked 
| 178|0x000000070ce00000, 0x000000070ce00000, 0x000000070cf00000|  0%| F|  |TAMS 0x000000070ce00000, 0x000000070ce00000| Untracked 
| 179|0x000000070cf00000, 0x000000070cf00000, 0x000000070d000000|  0%| F|  |TAMS 0x000000070cf00000, 0x000000070cf00000| Untracked 
| 180|0x000000070d000000, 0x000000070d000000, 0x000000070d100000|  0%| F|  |TAMS 0x000000070d000000, 0x000000070d000000| Untracked 
| 181|0x000000070d100000, 0x000000070d100000, 0x000000070d200000|  0%| F|  |TAMS 0x000000070d100000, 0x000000070d100000| Untracked 
| 182|0x000000070d200000, 0x000000070d200000, 0x000000070d300000|  0%| F|  |TAMS 0x000000070d200000, 0x000000070d200000| Untracked 
| 183|0x000000070d300000, 0x000000070d300000, 0x000000070d400000|  0%| F|  |TAMS 0x000000070d300000, 0x000000070d300000| Untracked 
| 184|0x000000070d400000, 0x000000070d400000, 0x000000070d500000|  0%| F|  |TAMS 0x000000070d400000, 0x000000070d400000| Untracked 
| 185|0x000000070d500000, 0x000000070d500000, 0x000000070d600000|  0%| F|  |TAMS 0x000000070d500000, 0x000000070d500000| Untracked 
| 186|0x000000070d600000, 0x000000070d600000, 0x000000070d700000|  0%| F|  |TAMS 0x000000070d600000, 0x000000070d600000| Untracked 
| 187|0x000000070d700000, 0x000000070d700000, 0x000000070d800000|  0%| F|  |TAMS 0x000000070d700000, 0x000000070d700000| Untracked 
| 188|0x000000070d800000, 0x000000070d800000, 0x000000070d900000|  0%| F|  |TAMS 0x000000070d800000, 0x000000070d800000| Untracked 
| 189|0x000000070d900000, 0x000000070d900000, 0x000000070da00000|  0%| F|  |TAMS 0x000000070d900000, 0x000000070d900000| Untracked 
| 190|0x000000070da00000, 0x000000070da00000, 0x000000070db00000|  0%| F|  |TAMS 0x000000070da00000, 0x000000070da00000| Untracked 
| 191|0x000000070db00000, 0x000000070db00000, 0x000000070dc00000|  0%| F|  |TAMS 0x000000070db00000, 0x000000070db00000| Untracked 
| 192|0x000000070dc00000, 0x000000070dc00000, 0x000000070dd00000|  0%| F|  |TAMS 0x000000070dc00000, 0x000000070dc00000| Untracked 
| 193|0x000000070dd00000, 0x000000070dd00000, 0x000000070de00000|  0%| F|  |TAMS 0x000000070dd00000, 0x000000070dd00000| Untracked 
| 194|0x000000070de00000, 0x000000070de00000, 0x000000070df00000|  0%| F|  |TAMS 0x000000070de00000, 0x000000070de00000| Untracked 
| 195|0x000000070df00000, 0x000000070df00000, 0x000000070e000000|  0%| F|  |TAMS 0x000000070df00000, 0x000000070df00000| Untracked 
| 196|0x000000070e000000, 0x000000070e000000, 0x000000070e100000|  0%| F|  |TAMS 0x000000070e000000, 0x000000070e000000| Untracked 
| 197|0x000000070e100000, 0x000000070e100000, 0x000000070e200000|  0%| F|  |TAMS 0x000000070e100000, 0x000000070e100000| Untracked 
| 198|0x000000070e200000, 0x000000070e200000, 0x000000070e300000|  0%| F|  |TAMS 0x000000070e200000, 0x000000070e200000| Untracked 
| 199|0x000000070e300000, 0x000000070e300000, 0x000000070e400000|  0%| F|  |TAMS 0x000000070e300000, 0x000000070e300000| Untracked 
| 200|0x000000070e400000, 0x000000070e400000, 0x000000070e500000|  0%| F|  |TAMS 0x000000070e400000, 0x000000070e400000| Untracked 
| 201|0x000000070e500000, 0x000000070e500000, 0x000000070e600000|  0%| F|  |TAMS 0x000000070e500000, 0x000000070e500000| Untracked 
| 202|0x000000070e600000, 0x000000070e600000, 0x000000070e700000|  0%| F|  |TAMS 0x000000070e600000, 0x000000070e600000| Untracked 
| 203|0x000000070e700000, 0x000000070e700000, 0x000000070e800000|  0%| F|  |TAMS 0x000000070e700000, 0x000000070e700000| Untracked 
| 204|0x000000070e800000, 0x000000070e800000, 0x000000070e900000|  0%| F|  |TAMS 0x000000070e800000, 0x000000070e800000| Untracked 
| 205|0x000000070e900000, 0x000000070e900000, 0x000000070ea00000|  0%| F|  |TAMS 0x000000070e900000, 0x000000070e900000| Untracked 
| 206|0x000000070ea00000, 0x000000070ea00000, 0x000000070eb00000|  0%| F|  |TAMS 0x000000070ea00000, 0x000000070ea00000| Untracked 
| 207|0x000000070eb00000, 0x000000070eb00000, 0x000000070ec00000|  0%| F|  |TAMS 0x000000070eb00000, 0x000000070eb00000| Untracked 
| 208|0x000000070ec00000, 0x000000070ec00000, 0x000000070ed00000|  0%| F|  |TAMS 0x000000070ec00000, 0x000000070ec00000| Untracked 
| 209|0x000000070ed00000, 0x000000070ed00000, 0x000000070ee00000|  0%| F|  |TAMS 0x000000070ed00000, 0x000000070ed00000| Untracked 
| 210|0x000000070ee00000, 0x000000070ee00000, 0x000000070ef00000|  0%| F|  |TAMS 0x000000070ee00000, 0x000000070ee00000| Untracked 
| 211|0x000000070ef00000, 0x000000070ef00000, 0x000000070f000000|  0%| F|  |TAMS 0x000000070ef00000, 0x000000070ef00000| Untracked 
| 212|0x000000070f000000, 0x000000070f000000, 0x000000070f100000|  0%| F|  |TAMS 0x000000070f000000, 0x000000070f000000| Untracked 
| 213|0x000000070f100000, 0x000000070f100000, 0x000000070f200000|  0%| F|  |TAMS 0x000000070f100000, 0x000000070f100000| Untracked 
| 214|0x000000070f200000, 0x000000070f200000, 0x000000070f300000|  0%| F|  |TAMS 0x000000070f200000, 0x000000070f200000| Untracked 
| 215|0x000000070f300000, 0x000000070f300000, 0x000000070f400000|  0%| F|  |TAMS 0x000000070f300000, 0x000000070f300000| Untracked 
| 216|0x000000070f400000, 0x000000070f400000, 0x000000070f500000|  0%| F|  |TAMS 0x000000070f400000, 0x000000070f400000| Untracked 
| 217|0x000000070f500000, 0x000000070f500000, 0x000000070f600000|  0%| F|  |TAMS 0x000000070f500000, 0x000000070f500000| Untracked 
| 218|0x000000070f600000, 0x000000070f600000, 0x000000070f700000|  0%| F|  |TAMS 0x000000070f600000, 0x000000070f600000| Untracked 
| 219|0x000000070f700000, 0x000000070f700000, 0x000000070f800000|  0%| F|  |TAMS 0x000000070f700000, 0x000000070f700000| Untracked 
| 220|0x000000070f800000, 0x000000070f800000, 0x000000070f900000|  0%| F|  |TAMS 0x000000070f800000, 0x000000070f800000| Untracked 
| 221|0x000000070f900000, 0x000000070f900000, 0x000000070fa00000|  0%| F|  |TAMS 0x000000070f900000, 0x000000070f900000| Untracked 
| 222|0x000000070fa00000, 0x000000070fa00000, 0x000000070fb00000|  0%| F|  |TAMS 0x000000070fa00000, 0x000000070fa00000| Untracked 
| 223|0x000000070fb00000, 0x000000070fb00000, 0x000000070fc00000|  0%| F|  |TAMS 0x000000070fb00000, 0x000000070fb00000| Untracked 
| 224|0x000000070fc00000, 0x000000070fc00000, 0x000000070fd00000|  0%| F|  |TAMS 0x000000070fc00000, 0x000000070fc00000| Untracked 
| 225|0x000000070fd00000, 0x000000070fd00000, 0x000000070fe00000|  0%| F|  |TAMS 0x000000070fd00000, 0x000000070fd00000| Untracked 
| 226|0x000000070fe00000, 0x000000070fe00000, 0x000000070ff00000|  0%| F|  |TAMS 0x000000070fe00000, 0x000000070fe00000| Untracked 
| 227|0x000000070ff00000, 0x000000070ff00000, 0x0000000710000000|  0%| F|  |TAMS 0x000000070ff00000, 0x000000070ff00000| Untracked 
| 228|0x0000000710000000, 0x0000000710000000, 0x0000000710100000|  0%| F|  |TAMS 0x0000000710000000, 0x0000000710000000| Untracked 
| 229|0x0000000710100000, 0x0000000710100000, 0x0000000710200000|  0%| F|  |TAMS 0x0000000710100000, 0x0000000710100000| Untracked 
| 230|0x0000000710200000, 0x0000000710200000, 0x0000000710300000|  0%| F|  |TAMS 0x0000000710200000, 0x0000000710200000| Untracked 
| 231|0x0000000710300000, 0x0000000710300000, 0x0000000710400000|  0%| F|  |TAMS 0x0000000710300000, 0x0000000710300000| Untracked 
| 232|0x0000000710400000, 0x0000000710400000, 0x0000000710500000|  0%| F|  |TAMS 0x0000000710400000, 0x0000000710400000| Untracked 
| 233|0x0000000710500000, 0x0000000710500000, 0x0000000710600000|  0%| F|  |TAMS 0x0000000710500000, 0x0000000710500000| Untracked 
| 234|0x0000000710600000, 0x0000000710600000, 0x0000000710700000|  0%| F|  |TAMS 0x0000000710600000, 0x0000000710600000| Untracked 
| 235|0x0000000710700000, 0x0000000710700000, 0x0000000710800000|  0%| F|  |TAMS 0x0000000710700000, 0x0000000710700000| Untracked 
| 236|0x0000000710800000, 0x0000000710800000, 0x0000000710900000|  0%| F|  |TAMS 0x0000000710800000, 0x0000000710800000| Untracked 
| 237|0x0000000710900000, 0x0000000710900000, 0x0000000710a00000|  0%| F|  |TAMS 0x0000000710900000, 0x0000000710900000| Untracked 
| 238|0x0000000710a00000, 0x0000000710a00000, 0x0000000710b00000|  0%| F|  |TAMS 0x0000000710a00000, 0x0000000710a00000| Untracked 
| 239|0x0000000710b00000, 0x0000000710b00000, 0x0000000710c00000|  0%| F|  |TAMS 0x0000000710b00000, 0x0000000710b00000| Untracked 
| 240|0x0000000710c00000, 0x0000000710c00000, 0x0000000710d00000|  0%| F|  |TAMS 0x0000000710c00000, 0x0000000710c00000| Untracked 
| 241|0x0000000710d00000, 0x0000000710d00000, 0x0000000710e00000|  0%| F|  |TAMS 0x0000000710d00000, 0x0000000710d00000| Untracked 
| 242|0x0000000710e00000, 0x0000000710e00000, 0x0000000710f00000|  0%| F|  |TAMS 0x0000000710e00000, 0x0000000710e00000| Untracked 
| 243|0x0000000710f00000, 0x0000000710f00000, 0x0000000711000000|  0%| F|  |TAMS 0x0000000710f00000, 0x0000000710f00000| Untracked 
| 244|0x0000000711000000, 0x0000000711000000, 0x0000000711100000|  0%| F|  |TAMS 0x0000000711000000, 0x0000000711000000| Untracked 
| 245|0x0000000711100000, 0x0000000711100000, 0x0000000711200000|  0%| F|  |TAMS 0x0000000711100000, 0x0000000711100000| Untracked 
| 246|0x0000000711200000, 0x0000000711200000, 0x0000000711300000|  0%| F|  |TAMS 0x0000000711200000, 0x0000000711200000| Untracked 
| 247|0x0000000711300000, 0x0000000711300000, 0x0000000711400000|  0%| F|  |TAMS 0x0000000711300000, 0x0000000711300000| Untracked 
| 248|0x0000000711400000, 0x0000000711400000, 0x0000000711500000|  0%| F|  |TAMS 0x0000000711400000, 0x0000000711400000| Untracked 
| 249|0x0000000711500000, 0x0000000711500000, 0x0000000711600000|  0%| F|  |TAMS 0x0000000711500000, 0x0000000711500000| Untracked 
| 250|0x0000000711600000, 0x0000000711600000, 0x0000000711700000|  0%| F|  |TAMS 0x0000000711600000, 0x0000000711600000| Untracked 
| 251|0x0000000711700000, 0x0000000711700000, 0x0000000711800000|  0%| F|  |TAMS 0x0000000711700000, 0x0000000711700000| Untracked 
| 252|0x0000000711800000, 0x0000000711800000, 0x0000000711900000|  0%| F|  |TAMS 0x0000000711800000, 0x0000000711800000| Untracked 
| 253|0x0000000711900000, 0x00000007119b42b0, 0x0000000711a00000| 70%| E|  |TAMS 0x0000000711900000, 0x0000000711900000| Complete 
| 254|0x0000000711a00000, 0x0000000711b00000, 0x0000000711b00000|100%| E|CS|TAMS 0x0000000711a00000, 0x0000000711a00000| Complete 
| 255|0x0000000711b00000, 0x0000000711c00000, 0x0000000711c00000|100%| E|CS|TAMS 0x0000000711b00000, 0x0000000711b00000| Complete 

Card table byte_map: [0x000001aa5c400000,0x000001aa5cc00000] _byte_map_base: 0x000001aa58bf2000

Marking Bits (Prev, Next): (CMBitMap*) 0x000001aa4232e8a8, (CMBitMap*) 0x000001aa4232e8e8
 Prev Bits: [0x000001aa5d400000, 0x000001aa61390000)
 Next Bits: [0x000001aa61390000, 0x000001aa65320000)

Polling page: 0x000001aa42030000

Metaspace:

Usage:
  Non-class:      4.16 MB capacity,   737.46 KB ( 17%) used,     3.44 MB ( 83%) free+waste,     2.31 KB ( <1%) overhead. 
      Class:    442.00 KB capacity,    75.95 KB ( 17%) used,   364.55 KB ( 82%) free+waste,     1.50 KB ( <1%) overhead. 
       Both:      4.59 MB capacity,   813.41 KB ( 17%) used,     3.79 MB ( 83%) free+waste,     3.81 KB ( <1%) overhead. 

Virtual space:
  Non-class space:        8.00 MB reserved,       4.25 MB ( 53%) committed 
      Class space:        1.00 GB reserved,     512.00 KB ( <1%) committed 
             Both:        1.01 GB reserved,       4.75 MB ( <1%) committed 

Chunk freelists:
   Non-Class:  27.00 KB
       Class:  6.00 KB
        Both:  33.00 KB

MaxMetaspaceSize: 17179869184.00 GB
CompressedClassSpaceSize: 1.00 GB

CodeHeap 'non-profiled nmethods': size=120000Kb used=79Kb max_used=79Kb free=119920Kb
 bounds [0x000001aa53a50000, 0x000001aa53cc0000, 0x000001aa5af80000]
CodeHeap 'profiled nmethods': size=120000Kb used=346Kb max_used=346Kb free=119653Kb
 bounds [0x000001aa4c520000, 0x000001aa4c790000, 0x000001aa53a50000]
CodeHeap 'non-nmethods': size=5760Kb used=1194Kb max_used=1205Kb free=4565Kb
 bounds [0x000001aa4bf80000, 0x000001aa4c1f0000, 0x000001aa4c520000]
 total_blobs=932 nmethods=252 adapters=259
 compilation: enabled
              stopped_count=0, restarted_count=0
 full_count=0

Compilation events (20 events):
Event: 0.306 Thread 0x000001aa6896f000  240       1       java.net.URL::getProtocol (5 bytes)
Event: 0.306 Thread 0x000001aa6896f000 nmethod 240 0x000001aa53a62490 code [0x000001aa53a62620, 0x000001aa53a62758]
Event: 0.307 Thread 0x000001aa6896f000  242       3       jdk.internal.misc.Unsafe::putReferenceRelease (9 bytes)
Event: 0.307 Thread 0x000001aa6896f000 nmethod 242 0x000001aa4c572810 code [0x000001aa4c5729c0, 0x000001aa4c572b98]
Event: 0.307 Thread 0x000001aa6896f000  244       3       java.util.concurrent.ConcurrentHashMap::setTabAt (20 bytes)
Event: 0.307 Thread 0x000001aa6896f000 nmethod 244 0x000001aa4c572c10 code [0x000001aa4c572dc0, 0x000001aa4c5730d8]
Event: 0.307 Thread 0x000001aa6896f000  246       3       java.lang.String::startsWith (138 bytes)
Event: 0.307 Thread 0x000001aa6896f000 nmethod 246 0x000001aa4c573190 code [0x000001aa4c5733a0, 0x000001aa4c573c58]
Event: 0.307 Thread 0x000001aa6896f000  247       3       jdk.internal.misc.Unsafe::allocateUninitializedArray0 (90 bytes)
Event: 0.308 Thread 0x000001aa6896f000 nmethod 247 0x000001aa4c573f10 code [0x000001aa4c574100, 0x000001aa4c574a58]
Event: 0.308 Thread 0x000001aa6896f000  248       3       java.lang.Class::getName (18 bytes)
Event: 0.308 Thread 0x000001aa6896f000 nmethod 248 0x000001aa4c574b90 code [0x000001aa4c574d40, 0x000001aa4c574f50]
Event: 0.311 Thread 0x000001aa6896f000  249       1       java.net.URL::getFile (5 bytes)
Event: 0.311 Thread 0x000001aa6896f000 nmethod 249 0x000001aa53a63590 code [0x000001aa53a63720, 0x000001aa53a63858]
Event: 0.312 Thread 0x000001aa6896f000  251       3       java.lang.invoke.MethodType$ConcurrentWeakInternSet::expungeStaleElements (27 bytes)
Event: 0.312 Thread 0x000001aa6896f000 nmethod 251 0x000001aa4c575010 code [0x000001aa4c575200, 0x000001aa4c5758c0]
Event: 0.312 Thread 0x000001aa6896f000  252       3       jdk.internal.org.objectweb.asm.SymbolTable::put (150 bytes)
Event: 0.313 Thread 0x000001aa6896f000 nmethod 252 0x000001aa4c575b10 code [0x000001aa4c575d00, 0x000001aa4c576698]
Event: 0.313 Thread 0x000001aa6896f000  250       1       java.lang.invoke.MethodType::ptypes (5 bytes)
Event: 0.313 Thread 0x000001aa6896f000 nmethod 250 0x000001aa53a63910 code [0x000001aa53a63aa0, 0x000001aa53a63bd8]

GC Heap History (0 events):
No events

Deoptimization events (4 events):
Event: 0.265 Thread 0x000001aa422c5000 Uncommon trap: trap_request=0xffffff45 fr.pc=0x000001aa53a55d8c relative=0x000000000000006c
Event: 0.265 Thread 0x000001aa422c5000 Uncommon trap: reason=unstable_if action=reinterpret pc=0x000001aa53a55d8c method=java.lang.String.isLatin1()Z @ 10 c2
Event: 0.265 Thread 0x000001aa422c5000 DEOPT PACKING pc=0x000001aa53a55d8c sp=0x00000039209fdd10
Event: 0.265 Thread 0x000001aa422c5000 DEOPT UNPACKING pc=0x000001aa4bfc912f sp=0x00000039209fdcb0 mode 2

Classes unloaded (0 events):
No events

Classes redefined (0 events):
No events

Internal exceptions (0 events):
No events

Events (20 events):
Event: 0.308 loading class kotlin/TypeCastException
Event: 0.308 loading class kotlin/TypeCastException done
Event: 0.309 loading class sun/misc/Unsafe
Event: 0.309 loading class sun/misc/Unsafe done
Event: 0.310 loading class kotlin/jvm/internal/Intrinsics
Event: 0.310 loading class kotlin/jvm/internal/Intrinsics done
Event: 0.311 loading class kotlin/UninitializedPropertyAccessException
Event: 0.311 loading class kotlin/UninitializedPropertyAccessException done
Event: 0.311 loading class java/lang/UnsupportedOperationException
Event: 0.311 loading class java/lang/UnsupportedOperationException done
Event: 0.311 loading class java/lang/AssertionError
Event: 0.311 loading class java/lang/AssertionError done
Event: 0.311 loading class kotlin/KotlinNullPointerException
Event: 0.311 loading class kotlin/KotlinNullPointerException done
Event: 0.312 loading class jdk/internal/reflect/UnsafeFieldAccessorFactory
Event: 0.312 loading class jdk/internal/reflect/UnsafeFieldAccessorFactory done
Event: 0.313 loading class jdk/internal/reflect/UnsafeQualifiedStaticObjectFieldAccessorImpl
Event: 0.313 loading class jdk/internal/reflect/UnsafeQualifiedStaticFieldAccessorImpl
Event: 0.313 loading class jdk/internal/reflect/UnsafeQualifiedStaticFieldAccessorImpl done
Event: 0.313 loading class jdk/internal/reflect/UnsafeQualifiedStaticObjectFieldAccessorImpl done


Dynamic libraries:
0x00007ff632920000 - 0x00007ff63292f000 	C:\Program Files\Java\jdk-13.0.1\bin\java.exe
0x00007ffd1b4c0000 - 0x00007ffd1b6b0000 	C:\Windows\SYSTEM32\ntdll.dll
0x00007ffd1b210000 - 0x00007ffd1b2c2000 	C:\Windows\System32\KERNEL32.DLL
0x00007ffd18670000 - 0x00007ffd18915000 	C:\Windows\System32\KERNELBASE.dll
0x00007ffd19470000 - 0x00007ffd1956a000 	C:\Windows\System32\ucrtbase.dll
0x00007ffcf88d0000 - 0x00007ffcf88e5000 	C:\Program Files\Java\jdk-13.0.1\bin\VCRUNTIME140.dll
0x00007ffcf9c30000 - 0x00007ffcf9c48000 	C:\Program Files\Java\jdk-13.0.1\bin\jli.dll
0x00007ffd1b2d0000 - 0x00007ffd1b373000 	C:\Windows\System32\ADVAPI32.dll
0x00007ffd19930000 - 0x00007ffd199ce000 	C:\Windows\System32\msvcrt.dll
0x00007ffd1a590000 - 0x00007ffd1a627000 	C:\Windows\System32\sechost.dll
0x00007ffd19b80000 - 0x00007ffd19ca0000 	C:\Windows\System32\RPCRT4.dll
0x00007ffd1a3f0000 - 0x00007ffd1a585000 	C:\Windows\System32\USER32.dll
0x00007ffd19390000 - 0x00007ffd193b1000 	C:\Windows\System32\win32u.dll
0x00007ffd1a100000 - 0x00007ffd1a126000 	C:\Windows\System32\GDI32.dll
0x00007ffd18480000 - 0x00007ffd18616000 	C:\Windows\System32\gdi32full.dll
0x00007ffd192f0000 - 0x00007ffd1938e000 	C:\Windows\System32\msvcp_win.dll
0x00007ffd026b0000 - 0x00007ffd02934000 	C:\Windows\WinSxS\amd64_microsoft.windows.common-controls_6595b64144ccf1df_6.0.18362.1082_none_9e8193e1e45b25c1\COMCTL32.dll
0x00007ffd19da0000 - 0x00007ffd1a0d5000 	C:\Windows\System32\combase.dll
0x00007ffd19100000 - 0x00007ffd19180000 	C:\Windows\System32\bcryptPrimitives.dll
0x00007ffd17f60000 - 0x00007ffd17f6a000 	C:\Windows\SYSTEM32\VERSION.dll
0x00007ffd1b450000 - 0x00007ffd1b47e000 	C:\Windows\System32\IMM32.DLL
0x00007ffcf2e70000 - 0x00007ffcf2f0b000 	C:\Program Files\Java\jdk-13.0.1\bin\msvcp140.dll
0x00007ffcca2f0000 - 0x00007ffccae56000 	C:\Program Files\Java\jdk-13.0.1\bin\server\jvm.dll
0x00007ffd1a0e0000 - 0x00007ffd1a0e8000 	C:\Windows\System32\PSAPI.DLL
0x00007ffd16540000 - 0x00007ffd16549000 	C:\Windows\SYSTEM32\WSOCK32.dll
0x00007ffd15ea0000 - 0x00007ffd15ec4000 	C:\Windows\SYSTEM32\WINMM.dll
0x00007ffd1a630000 - 0x00007ffd1a69f000 	C:\Windows\System32\WS2_32.dll
0x00007ffd15e70000 - 0x00007ffd15e9d000 	C:\Windows\SYSTEM32\winmmbase.dll
0x00007ffd18620000 - 0x00007ffd1866a000 	C:\Windows\System32\cfgmgr32.dll
0x00007ffd18390000 - 0x00007ffd183a1000 	C:\Windows\System32\kernel.appcore.dll
0x00007ffd0de50000 - 0x00007ffd0de60000 	C:\Program Files\Java\jdk-13.0.1\bin\verify.dll
0x00007ffd0fd90000 - 0x00007ffd0ff84000 	C:\Windows\SYSTEM32\DBGHELP.DLL
0x00007ffd0fc40000 - 0x00007ffd0fc6a000 	C:\Windows\SYSTEM32\dbgcore.DLL
0x00007ffcf31c0000 - 0x00007ffcf31e6000 	C:\Program Files\Java\jdk-13.0.1\bin\java.dll
0x00007ffd08d90000 - 0x00007ffd08dc8000 	C:\Program Files\Java\jdk-13.0.1\bin\jdwp.dll
0x00007ffd14da0000 - 0x00007ffd14dae000 	C:\Program Files\Java\jdk-13.0.1\bin\instrument.dll
0x00007ffcf4100000 - 0x00007ffcf4117000 	C:\Program Files\Java\jdk-13.0.1\bin\zip.dll
0x00007ffd0b670000 - 0x00007ffd0b67a000 	C:\Program Files\Java\jdk-13.0.1\bin\jimage.dll
0x00007ffd1a6a0000 - 0x00007ffd1ad87000 	C:\Windows\System32\SHELL32.dll
0x00007ffd1a1a0000 - 0x00007ffd1a249000 	C:\Windows\System32\shcore.dll
0x00007ffd18980000 - 0x00007ffd19100000 	C:\Windows\System32\windows.storage.dll
0x00007ffd18420000 - 0x00007ffd18443000 	C:\Windows\System32\profapi.dll
0x00007ffd183b0000 - 0x00007ffd183fa000 	C:\Windows\System32\powrprof.dll
0x00007ffd18380000 - 0x00007ffd18390000 	C:\Windows\System32\UMPDC.dll
0x00007ffd19d40000 - 0x00007ffd19d92000 	C:\Windows\System32\shlwapi.dll
0x00007ffd192d0000 - 0x00007ffd192e7000 	C:\Windows\System32\cryptsp.dll
0x00007ffd14bf0000 - 0x00007ffd14bfb000 	C:\Program Files\Java\jdk-13.0.1\bin\dt_socket.dll
0x00007ffd17b10000 - 0x00007ffd17b77000 	C:\Windows\system32\mswsock.dll
0x00007ffcf31a0000 - 0x00007ffcf31b9000 	C:\Program Files\Java\jdk-13.0.1\bin\net.dll
0x00007ffd0be30000 - 0x00007ffd0bf20000 	C:\Windows\SYSTEM32\WINHTTP.dll
0x00007ffcf3180000 - 0x00007ffcf3193000 	C:\Program Files\Java\jdk-13.0.1\bin\nio.dll

dbghelp: loaded successfully - version: 4.0.5 - missing functions: none
symbol engine: initialized successfully - sym options: 0x614 - pdb path: .;C:\Program Files\Java\jdk-13.0.1\bin;C:\Windows\SYSTEM32;C:\Windows\WinSxS\amd64_microsoft.windows.common-controls_6595b64144ccf1df_6.0.18362.1082_none_9e8193e1e45b25c1;C:\Program Files\Java\jdk-13.0.1\bin\server

VM Arguments:
jvm_args: -agentlib:jdwp=transport=dt_socket,address=127.0.0.1:55172,suspend=y,server=n --add-exports=java.base/jdk.internal.misc=ALL-UNNAMED --add-opens=java.base/jdk.internal.misc=ALL-UNNAMED -javaagent:C:\Users\yaphets\.IntelliJIdea2019.3\system\captureAgent\debugger-agent.jar -Dfile.encoding=UTF-8 
java_command: com.yz.atomic.AtomicTestKt
java_class_path (initial): C:\Users\yaphets\IdeaProjects\spring-cloud-parent\cloud-java-concurrent\target\classes;D:\Data\maven-repo\org\jetbrains\kotlin\kotlin-stdlib-jdk8\1.3.72\kotlin-stdlib-jdk8-1.3.72.jar;D:\Data\maven-repo\org\jetbrains\kotlin\kotlin-stdlib\1.3.61\kotlin-stdlib-1.3.61.jar;D:\Data\maven-repo\org\jetbrains\kotlin\kotlin-stdlib-common\1.3.61\kotlin-stdlib-common-1.3.61.jar;D:\Data\maven-repo\org\jetbrains\annotations\13.0\annotations-13.0.jar;D:\Data\maven-repo\org\jetbrains\kotlin\kotlin-stdlib-jdk7\1.3.61\kotlin-stdlib-jdk7-1.3.61.jar;D:\Data\maven-repo\org\jetbrains\kotlin\kotlin-reflect\1.3.72\kotlin-reflect-1.3.72.jar;C:\Program Files\JetBrains\IntelliJ IDEA 2019.3.1\lib\idea_rt.jar
Launcher Type: SUN_STANDARD

[Global flags]
     intx CICompilerCount                          = 4                                         {product} {ergonomic}
     uint ConcGCThreads                            = 3                                         {product} {ergonomic}
     uint G1ConcRefinementThreads                  = 10                                        {product} {ergonomic}
   size_t G1HeapRegionSize                         = 1048576                                   {product} {ergonomic}
    uintx GCDrainStackTargetSize                   = 64                                        {product} {ergonomic}
   size_t InitialHeapSize                          = 268435456                                 {product} {ergonomic}
   size_t MarkStackSize                            = 4194304                                   {product} {ergonomic}
   size_t MaxHeapSize                              = 4265607168                                {product} {ergonomic}
   size_t MaxNewSize                               = 2558525440                                {product} {ergonomic}
   size_t MinHeapDeltaBytes                        = 1048576                                   {product} {ergonomic}
   size_t MinHeapSize                              = 8388608                                   {product} {ergonomic}
    uintx NonNMethodCodeHeapSize                   = 5836300                                {pd product} {ergonomic}
    uintx NonProfiledCodeHeapSize                  = 122910970                              {pd product} {ergonomic}
    uintx ProfiledCodeHeapSize                     = 122910970                              {pd product} {ergonomic}
    uintx ReservedCodeCacheSize                    = 251658240                              {pd product} {ergonomic}
     bool SegmentedCodeCache                       = true                                      {product} {ergonomic}
   size_t SoftMaxHeapSize                          = 4265607168                             {manageable} {ergonomic}
     bool UseCompressedClassPointers               = true                                 {lp64_product} {ergonomic}
     bool UseCompressedOops                        = true                                 {lp64_product} {ergonomic}
     bool UseG1GC                                  = true                                      {product} {ergonomic}
     bool UseLargePagesIndividualAllocation        = false                                  {pd product} {ergonomic}

Logging:
Log output configuration:
 #0: stdout all=warning uptime,level,tags
 #1: stderr all=off uptime,level,tags

Environment Variables:
PATH=C:\Program Files\Python38\Scripts\;C:\Program Files\Python38\;C:\Program Files (x86)\NetSarang\Xshell 6\;C:\Program Files\Docker\Docker\Resources\bin;C:\Program Files (x86)\Intel\Intel(R) Management Engine Components\iCLS\;C:\Program Files\Intel\Intel(R) Management Engine Components\iCLS\;C:\Windows\system32;C:\Windows;C:\Windows\System32\Wbem;C:\Windows\System32\WindowsPowerShell\v1.0\;C:\Windows\System32\OpenSSH\;C:\Program Files (x86)\Intel\Intel(R) Management Engine Components\DAL;C:\Program Files\Intel\Intel(R) Management Engine Components\DAL;C:\Program Files (x86)\Intel\Intel(R) Management Engine Components\IPT;C:\Program Files\Intel\Intel(R) Management Engine Components\IPT;C:\Program Files (x86)\NVIDIA Corporation\PhysX\Common;C:\Program Files\Java\jdk-13.0.1\bin;D:\Data\apache-maven-3.6\bin;C:\Program Files\Git\cmd;C:\Program Files\MySQL\MySQL Shell 8.0\bin\;C:\Users\yaphets\AppData\Local\Microsoft\WindowsApps;;C:\Program Files\JetBrains\IntelliJ IDEA 2019.3.1\bin;
USERNAME=yaphets
OS=Windows_NT
PROCESSOR_IDENTIFIER=Intel64 Family 6 Model 158 Stepping 10, GenuineIntel



---------------  S Y S T E M  ---------------

OS: Windows 10 , 64 bit Build 18362 (10.0.18362.1082)
HyperV virtualization detected

CPU:total 12 (initial active 12) (6 cores per cpu, 2 threads per core) family 6 model 158 stepping 10, cmov, cx8, fxsr, mmx, sse, sse2, sse3, ssse3, sse4.1, sse4.2, popcnt, avx, avx2, aes, clmul, erms, 3dnowpref, lzcnt, ht, tsc, tscinvbit, bmi1, bmi2, adx, fma

Memory: 4k page, system-wide physical 16265M (6465M free)
TotalPageFile size 19465M (AvailPageFile size 4583M)
current process WorkingSet (physical memory assigned to process): 36M, peak: 36M
current process commit charge ("private bytes"): 354M, peak: 354M

vm_info: Java HotSpot(TM) 64-Bit Server VM (13.0.1+9) for windows-amd64 JRE (13.0.1+9), built on Oct  6 2019 12:37:49 by "mach5one" with unknown MS VC++:1916

END.
